2025-02-03 21:29:20,839 - INFO - Logging to file: logs/tunisianet_scraper_20250203_212920.log
2025-02-03 21:29:20,839 - INFO - ====== WebDriver manager ======
2025-02-03 21:29:20,988 - INFO - Get LATEST chromedriver version for google-chrome
2025-02-03 21:29:21,113 - INFO - Get LATEST chromedriver version for google-chrome
2025-02-03 21:29:21,233 - INFO - Driver [/Users/macmini/.wdm/drivers/chromedriver/mac64/132.0.6834.159/chromedriver-mac-arm64/chromedriver] found in cache
2025-02-03 21:29:23,915 - INFO - Scraping 30 pages...
2025-02-03 21:29:25,492 - INFO - Scraped page 1: 24 products found
2025-02-03 21:29:27,311 - INFO - Scraped page 2: 24 products found
2025-02-03 21:29:28,973 - INFO - Scraped page 3: 24 products found
2025-02-03 21:29:30,481 - INFO - Scraped page 4: 24 products found
2025-02-03 21:29:32,004 - INFO - Scraped page 5: 24 products found
2025-02-03 21:29:33,616 - INFO - Scraped page 6: 24 products found
2025-02-03 21:29:35,162 - INFO - Scraped page 7: 24 products found
2025-02-03 21:29:36,729 - INFO - Scraped page 8: 24 products found
2025-02-03 21:29:38,309 - INFO - Scraped page 9: 24 products found
2025-02-03 21:29:39,881 - INFO - Scraped page 10: 24 products found
2025-02-03 21:29:41,907 - INFO - Scraped page 11: 24 products found
2025-02-03 21:29:43,404 - INFO - Scraped page 12: 24 products found
2025-02-03 21:29:44,857 - INFO - Scraped page 13: 24 products found
2025-02-03 21:29:46,352 - INFO - Scraped page 14: 24 products found
2025-02-03 21:29:47,897 - INFO - Scraped page 15: 24 products found
2025-02-03 21:29:49,377 - INFO - Scraped page 16: 24 products found
2025-02-03 21:29:50,906 - INFO - Scraped page 17: 24 products found
2025-02-03 21:29:52,380 - INFO - Scraped page 18: 24 products found
2025-02-03 21:29:53,898 - INFO - Scraped page 19: 24 products found
2025-02-03 21:29:55,460 - INFO - Scraped page 20: 24 products found
2025-02-03 21:29:57,006 - INFO - Scraped page 21: 24 products found
2025-02-03 21:29:58,598 - INFO - Scraped page 22: 24 products found
2025-02-03 21:30:00,378 - INFO - Scraped page 23: 24 products found
2025-02-03 21:30:01,982 - INFO - Scraped page 24: 24 products found
2025-02-03 21:30:03,531 - INFO - Scraped page 25: 24 products found
2025-02-03 21:30:05,190 - INFO - Scraped page 26: 24 products found
2025-02-03 21:30:06,669 - INFO - Scraped page 27: 24 products found
2025-02-03 21:30:08,118 - INFO - Scraped page 28: 24 products found
2025-02-03 21:30:09,650 - INFO - Scraped page 29: 24 products found
2025-02-03 21:30:11,010 - INFO - Scraped page 30: 18 products found
2025-02-03 21:30:11,014 - INFO - Saved 714 products to products.json
