2025-02-03 22:35:17,587 - INFO - Logging to file: logs/tunisianet_scraper_20250203_223517.log
2025-02-03 22:35:17,587 - INFO - ====== WebDriver manager ======
2025-02-03 22:35:17,743 - INFO - Get LATEST chromedriver version for google-chrome
2025-02-03 22:35:17,894 - INFO - Get LATEST chromedriver version for google-chrome
2025-02-03 22:35:18,014 - INFO - Driver [/Users/macmini/.wdm/drivers/chromedriver/mac64/132.0.6834.159/chromedriver-mac-arm64/chromedriver] found in cache
2025-02-03 22:35:20,389 - INFO - Scraping 30 pages...
2025-02-03 22:35:22,005 - INFO - Scraped page 1: 24 products found
2025-02-03 22:35:23,572 - INFO - Scraped page 2: 24 products found
2025-02-03 22:35:25,071 - INFO - Scraped page 3: 24 products found
2025-02-03 22:35:26,599 - INFO - Scraped page 4: 24 products found
2025-02-03 22:35:28,099 - INFO - Scraped page 5: 24 products found
2025-02-03 22:35:29,607 - INFO - Scraped page 6: 24 products found
2025-02-03 22:35:31,191 - INFO - Scraped page 7: 24 products found
2025-02-03 22:35:32,755 - INFO - Scraped page 8: 24 products found
2025-02-03 22:35:34,214 - INFO - Scraped page 9: 24 products found
2025-02-03 22:35:35,628 - INFO - Scraped page 10: 24 products found
2025-02-03 22:35:37,193 - INFO - Scraped page 11: 24 products found
2025-02-03 22:35:38,686 - INFO - Scraped page 12: 24 products found
2025-02-03 22:35:40,135 - INFO - Scraped page 13: 24 products found
2025-02-03 22:35:41,725 - INFO - Scraped page 14: 24 products found
2025-02-03 22:35:43,227 - INFO - Scraped page 15: 24 products found
2025-02-03 22:35:44,846 - INFO - Scraped page 16: 24 products found
2025-02-03 22:35:46,441 - INFO - Scraped page 17: 24 products found
2025-02-03 22:35:48,137 - INFO - Scraped page 18: 24 products found
2025-02-03 22:35:49,709 - INFO - Scraped page 19: 24 products found
2025-02-03 22:35:51,317 - INFO - Scraped page 20: 24 products found
2025-02-03 22:35:52,945 - INFO - Scraped page 21: 24 products found
2025-02-03 22:35:54,453 - INFO - Scraped page 22: 24 products found
2025-02-03 22:35:55,918 - INFO - Scraped page 23: 24 products found
2025-02-03 22:35:57,490 - INFO - Scraped page 24: 24 products found
2025-02-03 22:35:59,011 - INFO - Scraped page 25: 24 products found
2025-02-03 22:36:00,490 - INFO - Scraped page 26: 24 products found
2025-02-03 22:36:01,981 - INFO - Scraped page 27: 24 products found
2025-02-03 22:36:03,551 - INFO - Scraped page 28: 24 products found
2025-02-03 22:36:05,137 - INFO - Scraped page 29: 24 products found
2025-02-03 22:36:06,496 - INFO - Scraped page 30: 18 products found
2025-02-03 22:36:06,500 - INFO - Saved 714 products to results/products.json
2025-02-03 22:36:06,505 - INFO - Saved 714 products to CSV: results/products.csv
2025-02-03 22:36:06,603 - INFO - Saved 714 products to Excel: results/products.xlsx
2025-02-03 22:36:06,604 - INFO - Generated markdown report: results/products_report.md
2025-02-03 22:36:06,609 - INFO - Saved 714 products to SQLite database: results/products.db
