2025-02-03 22:06:14,154 - INFO - Logging to file: logs/tunisianet_scraper_20250203_220614.log
2025-02-03 22:06:14,154 - INFO - ====== WebDriver manager ======
2025-02-03 22:06:14,302 - INFO - Get LATEST chromedriver version for google-chrome
2025-02-03 22:06:14,421 - INFO - Get LATEST chromedriver version for google-chrome
2025-02-03 22:06:14,559 - INFO - Driver [/Users/macmini/.wdm/drivers/chromedriver/mac64/132.0.6834.159/chromedriver-mac-arm64/chromedriver] found in cache
2025-02-03 22:06:16,802 - INFO - Scraping 30 pages...
2025-02-03 22:06:18,438 - INFO - Scraped page 1: 24 products found
2025-02-03 22:06:20,091 - INFO - Scraped page 2: 24 products found
2025-02-03 22:06:21,741 - INFO - Scraped page 3: 24 products found
2025-02-03 22:06:23,350 - INFO - Scraped page 4: 24 products found
2025-02-03 22:06:24,960 - INFO - Scraped page 5: 24 products found
2025-02-03 22:06:26,469 - INFO - Scraped page 6: 24 products found
2025-02-03 22:06:28,107 - INFO - Scraped page 7: 24 products found
2025-02-03 22:06:29,547 - INFO - Scraped page 8: 24 products found
2025-02-03 22:06:31,068 - INFO - Scraped page 9: 24 products found
2025-02-03 22:06:32,611 - INFO - Scraped page 10: 24 products found
2025-02-03 22:06:34,043 - INFO - Scraped page 11: 24 products found
2025-02-03 22:06:35,723 - INFO - Scraped page 12: 24 products found
2025-02-03 22:06:37,271 - INFO - Scraped page 13: 24 products found
2025-02-03 22:06:38,732 - INFO - Scraped page 14: 24 products found
2025-02-03 22:06:40,237 - INFO - Scraped page 15: 24 products found
2025-02-03 22:06:41,799 - INFO - Scraped page 16: 24 products found
2025-02-03 22:06:43,400 - INFO - Scraped page 17: 24 products found
2025-02-03 22:06:44,975 - INFO - Scraped page 18: 24 products found
2025-02-03 22:06:46,495 - INFO - Scraped page 19: 24 products found
2025-02-03 22:06:47,906 - INFO - Scraped page 20: 24 products found
2025-02-03 22:06:49,468 - INFO - Scraped page 21: 24 products found
2025-02-03 22:06:51,091 - INFO - Scraped page 22: 24 products found
2025-02-03 22:06:52,617 - INFO - Scraped page 23: 24 products found
2025-02-03 22:06:54,252 - INFO - Scraped page 24: 24 products found
2025-02-03 22:06:55,736 - INFO - Scraped page 25: 24 products found
2025-02-03 22:06:57,395 - INFO - Scraped page 26: 24 products found
2025-02-03 22:06:58,817 - INFO - Scraped page 27: 24 products found
2025-02-03 22:07:00,336 - INFO - Scraped page 28: 24 products found
2025-02-03 22:07:01,963 - INFO - Scraped page 29: 24 products found
2025-02-03 22:07:03,320 - INFO - Scraped page 30: 18 products found
2025-02-03 22:07:03,323 - INFO - Saved 714 products to results/products.json
2025-02-03 22:07:03,328 - INFO - Saved 714 products to CSV: results/products.csv
2025-02-03 22:07:03,423 - INFO - Saved 714 products to Excel: results/products.xlsx
