2025-02-03 21:54:20,317 - INFO - Logging to file: logs/tunisianet_scraper_20250203_215420.log
2025-02-03 21:54:20,318 - INFO - ====== WebDriver manager ======
2025-02-03 21:54:20,483 - INFO - Get LATEST chromedriver version for google-chrome
2025-02-03 21:54:20,604 - INFO - Get LATEST chromedriver version for google-chrome
2025-02-03 21:54:20,719 - INFO - Driver [/Users/macmini/.wdm/drivers/chromedriver/mac64/132.0.6834.159/chromedriver-mac-arm64/chromedriver] found in cache
2025-02-03 21:54:22,890 - INFO - Scraping 30 pages...
2025-02-03 21:54:24,484 - INFO - Scraped page 1: 24 products found
2025-02-03 21:54:26,015 - INFO - Scraped page 2: 24 products found
2025-02-03 21:54:27,555 - INFO - Scraped page 3: 24 products found
2025-02-03 21:54:29,041 - INFO - Scraped page 4: 24 products found
2025-02-03 21:54:30,449 - INFO - Scraped page 5: 24 products found
2025-02-03 21:54:31,945 - INFO - Scraped page 6: 24 products found
2025-02-03 21:54:33,576 - INFO - Scraped page 7: 24 products found
2025-02-03 21:54:35,090 - INFO - Scraped page 8: 24 products found
2025-02-03 21:54:36,503 - INFO - Scraped page 9: 24 products found
2025-02-03 21:54:37,926 - INFO - Scraped page 10: 24 products found
2025-02-03 21:54:39,374 - INFO - Scraped page 11: 24 products found
2025-02-03 21:54:40,834 - INFO - Scraped page 12: 24 products found
2025-02-03 21:54:42,251 - INFO - Scraped page 13: 24 products found
2025-02-03 21:54:43,701 - INFO - Scraped page 14: 24 products found
2025-02-03 21:54:45,257 - INFO - Scraped page 15: 24 products found
2025-02-03 21:54:46,699 - INFO - Scraped page 16: 24 products found
2025-02-03 21:54:48,231 - INFO - Scraped page 17: 24 products found
2025-02-03 21:54:49,761 - INFO - Scraped page 18: 24 products found
2025-02-03 21:54:51,349 - INFO - Scraped page 19: 24 products found
2025-02-03 21:54:52,788 - INFO - Scraped page 20: 24 products found
2025-02-03 21:54:54,372 - INFO - Scraped page 21: 24 products found
2025-02-03 21:54:55,782 - INFO - Scraped page 22: 24 products found
2025-02-03 21:54:57,312 - INFO - Scraped page 23: 24 products found
2025-02-03 21:54:59,024 - INFO - Scraped page 24: 24 products found
2025-02-03 21:55:00,380 - INFO - Scraped page 25: 24 products found
2025-02-03 21:55:01,779 - INFO - Scraped page 26: 24 products found
2025-02-03 21:55:03,308 - INFO - Scraped page 27: 24 products found
2025-02-03 21:55:04,704 - INFO - Scraped page 28: 24 products found
2025-02-03 21:55:06,254 - INFO - Scraped page 29: 24 products found
2025-02-03 21:55:07,444 - INFO - Scraped page 30: 18 products found
2025-02-03 21:55:07,447 - INFO - Saved 714 products to products.json
2025-02-03 21:55:07,453 - INFO - Saved 714 products to CSV: products.csv
