2025-02-03 22:01:43,116 - INFO - Logging to file: logs/tunisianet_scraper_20250203_220143.log
2025-02-03 22:01:43,116 - INFO - ====== WebDriver manager ======
2025-02-03 22:01:43,250 - INFO - Get LATEST chromedriver version for google-chrome
2025-02-03 22:01:43,369 - INFO - Get LATEST chromedriver version for google-chrome
2025-02-03 22:01:43,486 - INFO - Driver [/Users/macmini/.wdm/drivers/chromedriver/mac64/132.0.6834.159/chromedriver-mac-arm64/chromedriver] found in cache
2025-02-03 22:01:45,767 - INFO - Scraping 30 pages...
2025-02-03 22:01:47,322 - INFO - Scraped page 1: 24 products found
2025-02-03 22:01:48,770 - INFO - Scraped page 2: 24 products found
2025-02-03 22:01:50,155 - INFO - Scraped page 3: 24 products found
2025-02-03 22:01:51,553 - INFO - Scraped page 4: 24 products found
2025-02-03 22:01:52,904 - INFO - Scraped page 5: 24 products found
2025-02-03 22:01:54,260 - INFO - Scraped page 6: 24 products found
2025-02-03 22:01:55,677 - INFO - Scraped page 7: 24 products found
2025-02-03 22:01:57,078 - INFO - Scraped page 8: 24 products found
2025-02-03 22:01:58,572 - INFO - Scraped page 9: 24 products found
2025-02-03 22:01:59,936 - INFO - Scraped page 10: 24 products found
2025-02-03 22:02:01,304 - INFO - Scraped page 11: 24 products found
2025-02-03 22:02:02,707 - INFO - Scraped page 12: 24 products found
2025-02-03 22:02:04,093 - INFO - Scraped page 13: 24 products found
2025-02-03 22:02:05,634 - INFO - Scraped page 14: 24 products found
2025-02-03 22:02:07,006 - INFO - Scraped page 15: 24 products found
2025-02-03 22:02:08,499 - INFO - Scraped page 16: 24 products found
2025-02-03 22:02:09,895 - INFO - Scraped page 17: 24 products found
2025-02-03 22:02:11,496 - INFO - Scraped page 18: 24 products found
2025-02-03 22:02:12,950 - INFO - Scraped page 19: 24 products found
2025-02-03 22:02:14,344 - INFO - Scraped page 20: 24 products found
2025-02-03 22:02:15,771 - INFO - Scraped page 21: 24 products found
2025-02-03 22:02:17,266 - INFO - Scraped page 22: 24 products found
2025-02-03 22:02:18,770 - INFO - Scraped page 23: 24 products found
2025-02-03 22:02:20,181 - INFO - Scraped page 24: 24 products found
2025-02-03 22:02:21,716 - INFO - Scraped page 25: 24 products found
2025-02-03 22:02:24,078 - INFO - Scraped page 26: 24 products found
2025-02-03 22:02:26,364 - INFO - Scraped page 27: 24 products found
2025-02-03 22:02:27,886 - INFO - Scraped page 28: 24 products found
2025-02-03 22:02:29,393 - INFO - Scraped page 29: 24 products found
2025-02-03 22:02:30,591 - INFO - Scraped page 30: 18 products found
2025-02-03 22:02:30,591 - ERROR - Scraping failed: [Errno 2] No such file or directory: 'results/products.json'
Traceback (most recent call last):
  File "/Users/macmini/Desktop/personal/Laptop-Scraper/scraper.py", line 265, in main
    scraper.save_to_json(products)
    ~~~~~~~~~~~~~~~~~~~~^^^^^^^^^^
  File "/Users/macmini/Desktop/personal/Laptop-Scraper/scraper.py", line 201, in save_to_json
    with output_path.open("w", encoding="utf-8") as f:
         ~~~~~~~~~~~~~~~~^^^^^^^^^^^^^^^^^^^^^^^
  File "/opt/homebrew/Cellar/python@3.13/3.13.0_1/Frameworks/Python.framework/Versions/3.13/lib/python3.13/pathlib/_local.py", line 537, in open
    return io.open(self, mode, buffering, encoding, errors, newline)
           ~~~~~~~^^^^^^^^^^^^^^^^^^^^^^^^^^^^^^^^^^^^^^^^^^^^^^^^^^
FileNotFoundError: [Errno 2] No such file or directory: 'results/products.json'
